2022-07-14 17:22:20 [main] INFO  : Neither @ContextConfiguration nor @ContextHierarchy found for test class [com.tbp.crud.SpringBootCrudJpaH2ApplicationTests], using SpringBootContextLoader
2022-07-14 17:22:20 [main] INFO  : Neither @ContextConfiguration nor @ContextHierarchy found for test class [com.tbp.crud.SpringBootCrudJpaH2ApplicationTests], using SpringBootContextLoader
2022-07-14 17:22:20 [main] INFO  : Could not detect default resource locations for test class [com.tbp.crud.SpringBootCrudJpaH2ApplicationTests]: no resource found for suffixes {-context.xml, Context.groovy}.
2022-07-14 17:22:20 [main] INFO  : Could not detect default resource locations for test class [com.tbp.crud.SpringBootCrudJpaH2ApplicationTests]: no resource found for suffixes {-context.xml, Context.groovy}.
2022-07-14 17:22:20 [main] INFO  : Could not detect default configuration classes for test class [com.tbp.crud.SpringBootCrudJpaH2ApplicationTests]: SpringBootCrudJpaH2ApplicationTests does not declare any static, non-private, non-final, nested classes annotated with @Configuration.
2022-07-14 17:22:20 [main] INFO  : Could not detect default configuration classes for test class [com.tbp.crud.SpringBootCrudJpaH2ApplicationTests]: SpringBootCrudJpaH2ApplicationTests does not declare any static, non-private, non-final, nested classes annotated with @Configuration.
2022-07-14 17:22:32 [main] INFO  : Neither @ContextConfiguration nor @ContextHierarchy found for test class [com.tbp.crud.SpringBootCrudJpaH2ApplicationTests], using SpringBootContextLoader
2022-07-14 17:22:32 [main] INFO  : Neither @ContextConfiguration nor @ContextHierarchy found for test class [com.tbp.crud.SpringBootCrudJpaH2ApplicationTests], using SpringBootContextLoader
2022-07-14 17:22:32 [main] INFO  : Could not detect default resource locations for test class [com.tbp.crud.SpringBootCrudJpaH2ApplicationTests]: no resource found for suffixes {-context.xml, Context.groovy}.
2022-07-14 17:22:32 [main] INFO  : Could not detect default resource locations for test class [com.tbp.crud.SpringBootCrudJpaH2ApplicationTests]: no resource found for suffixes {-context.xml, Context.groovy}.
2022-07-14 17:22:32 [main] INFO  : Could not detect default configuration classes for test class [com.tbp.crud.SpringBootCrudJpaH2ApplicationTests]: SpringBootCrudJpaH2ApplicationTests does not declare any static, non-private, non-final, nested classes annotated with @Configuration.
2022-07-14 17:22:32 [main] INFO  : Could not detect default configuration classes for test class [com.tbp.crud.SpringBootCrudJpaH2ApplicationTests]: SpringBootCrudJpaH2ApplicationTests does not declare any static, non-private, non-final, nested classes annotated with @Configuration.
2022-07-14 17:22:32 [main] INFO  : Neither @ContextConfiguration nor @ContextHierarchy found for test class [com.tbp.crud.SpringBootCrudJpaH2ApplicationTests], using SpringBootContextLoader
2022-07-14 17:22:32 [main] INFO  : Could not detect default resource locations for test class [com.tbp.crud.SpringBootCrudJpaH2ApplicationTests]: no resource found for suffixes {-context.xml, Context.groovy}.
2022-07-14 17:22:32 [main] INFO  : Could not detect default configuration classes for test class [com.tbp.crud.SpringBootCrudJpaH2ApplicationTests]: SpringBootCrudJpaH2ApplicationTests does not declare any static, non-private, non-final, nested classes annotated with @Configuration.
2022-07-14 17:22:32 [main] INFO  : Neither @ContextConfiguration nor @ContextHierarchy found for test class [com.tbp.crud.SpringBootCrudJpaH2ApplicationTests], using SpringBootContextLoader
2022-07-14 17:22:32 [main] INFO  : Could not detect default resource locations for test class [com.tbp.crud.SpringBootCrudJpaH2ApplicationTests]: no resource found for suffixes {-context.xml, Context.groovy}.
2022-07-14 17:22:32 [main] INFO  : Could not detect default configuration classes for test class [com.tbp.crud.SpringBootCrudJpaH2ApplicationTests]: SpringBootCrudJpaH2ApplicationTests does not declare any static, non-private, non-final, nested classes annotated with @Configuration.
2022-07-14 17:26:06 [main] INFO  : Starting SpringBootCrudJpaH2Application using Java 17.0.3.1 on Dell with PID 7440 (C:\Users\aditya\Desktop\workspace\spring-boot-crud-jpa-h2-master\target\classes started by aditya in C:\Users\aditya\Desktop\workspace\spring-boot-crud-jpa-h2-master)
2022-07-14 17:26:06 [main] INFO  : No active profile set, falling back to default profiles: default
2022-07-14 17:26:23 [main] INFO  : Bootstrapping Spring Data JPA repositories in DEFAULT mode.
2022-07-14 17:26:24 [main] INFO  : Finished Spring Data repository scanning in 250 ms. Found 1 JPA repository interfaces.
2022-07-14 17:26:27 [main] INFO  : Tomcat initialized with port(s): 9095 (http)
2022-07-14 17:26:27 [main] INFO  : Initializing ProtocolHandler ["http-nio-9095"]
2022-07-14 17:26:27 [main] INFO  : Starting service [Tomcat]
2022-07-14 17:26:27 [main] INFO  : Starting Servlet engine: [Apache Tomcat/9.0.45]
2022-07-14 17:26:28 [main] INFO  : Initializing Spring embedded WebApplicationContext
2022-07-14 17:26:28 [main] INFO  : Root WebApplicationContext: initialization completed in 21381 ms
2022-07-14 17:26:28 [main] INFO  : HikariPool-1 - Starting...
2022-07-14 17:26:30 [main] INFO  : HikariPool-1 - Start completed.
2022-07-14 17:26:30 [main] INFO  : H2 console available at '/h2'. Database available at 'jdbc:h2:mem:testdb'
2022-07-14 17:26:31 [main] INFO  : HHH000204: Processing PersistenceUnitInfo [name: default]
2022-07-14 17:26:31 [main] INFO  : HHH000412: Hibernate ORM core version 5.4.30.Final
2022-07-14 17:26:32 [main] INFO  : HCANN000001: Hibernate Commons Annotations {5.1.2.Final}
2022-07-14 17:26:33 [main] INFO  : HHH000400: Using dialect: org.hibernate.dialect.H2Dialect
2022-07-14 17:26:37 [main] DEBUG : create table user (id integer not null, address varchar(255), name varchar(255), primary key (id))
2022-07-14 17:26:37 [main] DEBUG : create sequence hibernate_sequence start with 1 increment by 1
2022-07-14 17:26:37 [main] INFO  : HHH000490: Using JtaPlatform implementation: [org.hibernate.engine.transaction.jta.platform.internal.NoJtaPlatform]
2022-07-14 17:26:37 [main] INFO  : Initialized JPA EntityManagerFactory for persistence unit 'default'
2022-07-14 17:26:39 [main] WARN  : spring.jpa.open-in-view is enabled by default. Therefore, database queries may be performed during view rendering. Explicitly configure spring.jpa.open-in-view to disable this warning
2022-07-14 17:26:40 [main] INFO  : Initializing ExecutorService 'applicationTaskExecutor'
2022-07-14 17:26:44 [main] INFO  : Starting ProtocolHandler ["http-nio-9095"]
2022-07-14 17:26:44 [main] INFO  : Tomcat started on port(s): 9095 (http) with context path ''
2022-07-14 17:26:44 [main] INFO  : Started SpringBootCrudJpaH2Application in 41.1 seconds (JVM running for 44.174)
2022-07-14 17:27:53 [http-nio-9095-exec-2] INFO  : Initializing Spring DispatcherServlet 'dispatcherServlet'
2022-07-14 17:27:53 [http-nio-9095-exec-2] INFO  : Initializing Servlet 'dispatcherServlet'
2022-07-14 17:27:53 [http-nio-9095-exec-2] INFO  : Completed initialization in 3 ms
2022-07-14 17:27:55 [http-nio-9095-exec-2] INFO  : Init duration for springdoc-openapi is: 1352 ms
2022-07-14 17:29:26 [http-nio-9095-exec-2] DEBUG : call next value for hibernate_sequence
2022-07-14 17:29:26 [http-nio-9095-exec-2] DEBUG : insert into user (address, name, id) values (?, ?, ?)
2022-07-14 17:32:32 [http-nio-9095-exec-3] DEBUG : select user0_.id as id1_0_, user0_.address as address2_0_, user0_.name as name3_0_ from user user0_
2022-07-14 17:33:12 [http-nio-9095-exec-8] DEBUG : select user0_.id as id1_0_0_, user0_.address as address2_0_0_, user0_.name as name3_0_0_ from user user0_ where user0_.id=?
2022-07-14 17:33:12 [http-nio-9095-exec-8] DEBUG : update user set address=?, name=? where id=?
2022-07-14 17:33:37 [http-nio-9095-exec-4] DEBUG : select user0_.id as id1_0_0_, user0_.address as address2_0_0_, user0_.name as name3_0_0_ from user user0_ where user0_.id=?
2022-07-14 17:50:23 [main] INFO  : Starting SpringBootCrudJpaH2Application using Java 17.0.3.1 on Dell with PID 11320 (C:\Users\aditya\Desktop\workspace\spring-boot-crud-jpa-h2-master\target\classes started by aditya in C:\Users\aditya\Desktop\workspace\spring-boot-crud-jpa-h2-master)
2022-07-14 17:50:23 [main] INFO  : No active profile set, falling back to default profiles: default
2022-07-14 17:50:25 [main] INFO  : Bootstrapping Spring Data JPA repositories in DEFAULT mode.
2022-07-14 17:50:26 [main] INFO  : Finished Spring Data repository scanning in 142 ms. Found 1 JPA repository interfaces.
2022-07-14 17:50:27 [main] INFO  : Tomcat initialized with port(s): 9095 (http)
2022-07-14 17:50:28 [main] INFO  : Initializing ProtocolHandler ["http-nio-9095"]
2022-07-14 17:50:28 [main] INFO  : Starting service [Tomcat]
2022-07-14 17:50:28 [main] INFO  : Starting Servlet engine: [Apache Tomcat/9.0.45]
2022-07-14 17:50:28 [main] INFO  : Initializing Spring embedded WebApplicationContext
2022-07-14 17:50:28 [main] INFO  : Root WebApplicationContext: initialization completed in 4811 ms
2022-07-14 17:50:28 [main] INFO  : HikariPool-1 - Starting...
2022-07-14 17:50:29 [main] INFO  : HikariPool-1 - Start completed.
2022-07-14 17:50:29 [main] INFO  : H2 console available at '/h2'. Database available at 'jdbc:h2:mem:testdb'
2022-07-14 17:50:29 [main] INFO  : HHH000204: Processing PersistenceUnitInfo [name: default]
2022-07-14 17:50:29 [main] INFO  : HHH000412: Hibernate ORM core version 5.4.30.Final
2022-07-14 17:50:30 [main] INFO  : HCANN000001: Hibernate Commons Annotations {5.1.2.Final}
2022-07-14 17:50:30 [main] INFO  : HHH000400: Using dialect: org.hibernate.dialect.H2Dialect
2022-07-14 17:50:32 [main] DEBUG : create table user (id integer not null, address varchar(255), name varchar(255), primary key (id))
2022-07-14 17:50:32 [main] DEBUG : create sequence hibernate_sequence start with 1 increment by 1
2022-07-14 17:50:32 [main] INFO  : HHH000490: Using JtaPlatform implementation: [org.hibernate.engine.transaction.jta.platform.internal.NoJtaPlatform]
2022-07-14 17:50:32 [main] INFO  : Initialized JPA EntityManagerFactory for persistence unit 'default'
2022-07-14 17:50:34 [main] WARN  : spring.jpa.open-in-view is enabled by default. Therefore, database queries may be performed during view rendering. Explicitly configure spring.jpa.open-in-view to disable this warning
2022-07-14 17:50:34 [main] INFO  : Initializing ExecutorService 'applicationTaskExecutor'
2022-07-14 17:50:37 [main] INFO  : Starting ProtocolHandler ["http-nio-9095"]
2022-07-14 17:50:37 [main] INFO  : Tomcat started on port(s): 9095 (http) with context path ''
2022-07-14 17:50:37 [main] INFO  : Started SpringBootCrudJpaH2Application in 16.039 seconds (JVM running for 17.636)
2022-07-14 17:50:52 [http-nio-9095-exec-1] INFO  : Initializing Spring DispatcherServlet 'dispatcherServlet'
2022-07-14 17:50:52 [http-nio-9095-exec-1] INFO  : Initializing Servlet 'dispatcherServlet'
2022-07-14 17:50:52 [http-nio-9095-exec-1] INFO  : Completed initialization in 3 ms
2022-07-14 17:50:53 [http-nio-9095-exec-4] INFO  : Init duration for springdoc-openapi is: 867 ms
2022-07-14 17:52:39 [http-nio-9095-exec-5] DEBUG : call next value for hibernate_sequence
2022-07-14 17:52:39 [http-nio-9095-exec-5] DEBUG : call next value for hibernate_sequence
2022-07-14 17:52:39 [http-nio-9095-exec-5] DEBUG : call next value for hibernate_sequence
2022-07-14 17:52:39 [http-nio-9095-exec-5] DEBUG : insert into user (address, name, id) values (?, ?, ?)
2022-07-14 17:52:39 [http-nio-9095-exec-5] DEBUG : insert into user (address, name, id) values (?, ?, ?)
2022-07-14 17:52:39 [http-nio-9095-exec-5] DEBUG : insert into user (address, name, id) values (?, ?, ?)
2022-07-14 17:52:58 [http-nio-9095-exec-8] DEBUG : select user0_.id as id1_0_0_, user0_.address as address2_0_0_, user0_.name as name3_0_0_ from user user0_ where user0_.id=?
2022-07-14 17:52:58 [http-nio-9095-exec-8] DEBUG : delete from user where id=?
2022-07-14 17:52:59 [http-nio-9095-exec-8] DEBUG : select user0_.id as id1_0_, user0_.address as address2_0_, user0_.name as name3_0_ from user user0_
